Symbol range map extraction starting
Processing 244 files
processing ravenNPlus\client\clickgui\RavenNPlus\ClickGui.java
processing ravenNPlus\client\clickgui\RavenNPlus\CommandPrompt.java
processing ravenNPlus\client\clickgui\RavenNPlus\Component.java
processing ravenNPlus\client\clickgui\RavenNPlus\components\BindComponent.java
processing ravenNPlus\client\clickgui\RavenNPlus\components\BindStage.java
processing ravenNPlus\client\clickgui\RavenNPlus\components\CategoryComponent.java
processing ravenNPlus\client\clickgui\RavenNPlus\components\DescriptionComponent.java
processing ravenNPlus\client\clickgui\RavenNPlus\components\ModeComponent.java
processing ravenNPlus\client\clickgui\RavenNPlus\components\ModuleComponent.java
processing ravenNPlus\client\clickgui\RavenNPlus\components\RangeSliderComponent.java
processing ravenNPlus\client\clickgui\RavenNPlus\components\SliderComponent.java
processing ravenNPlus\client\clickgui\RavenNPlus\components\TickComponent.java
processing ravenNPlus\client\clickgui\theme\Theme.java
processing ravenNPlus\client\clickgui\theme\themes\ArcDark.java
processing ravenNPlus\client\clickgui\theme\themes\MaterialDark.java
processing ravenNPlus\client\clickgui\theme\themes\NoModulesFake.java
processing ravenNPlus\client\clickgui\theme\themes\RavenB3.java
processing ravenNPlus\client\clickgui\theme\themes\Vape.java
processing ravenNPlus\client\command\Command.java
processing ravenNPlus\client\command\CommandManager.java
processing ravenNPlus\client\command\commands\Author.java
processing ravenNPlus\client\command\commands\ClearChat.java
processing ravenNPlus\client\command\commands\Cls.java
processing ravenNPlus\client\command\commands\Cname.java
processing ravenNPlus\client\command\commands\Color.java
processing ravenNPlus\client\command\commands\ConfigCommand.java
processing ravenNPlus\client\command\commands\Day.java
processing ravenNPlus\client\command\commands\Debug.java
processing ravenNPlus\client\command\commands\Discord.java
processing ravenNPlus\client\command\commands\Duels.java
processing ravenNPlus\client\command\commands\F3Name.java
processing ravenNPlus\client\command\commands\Fakechat.java
processing ravenNPlus\client\command\commands\Friends.java
processing ravenNPlus\client\command\commands\GamemodeC.java
processing ravenNPlus\client\command\commands\GamemodeS.java
processing ravenNPlus\client\command\commands\Help.java
processing ravenNPlus\client\command\commands\Nick.java
processing ravenNPlus\client\command\commands\Night.java
processing ravenNPlus\client\command\commands\Ping.java
processing ravenNPlus\client\command\commands\SetKey.java
processing ravenNPlus\client\command\commands\Update.java
processing ravenNPlus\client\command\commands\Uwu.java
processing ravenNPlus\client\command\commands\VersionCommand.java
processing ravenNPlus\client\config\Config.java
processing ravenNPlus\client\config\ConfigManager.java
processing ravenNPlus\client\event\EventStage.java
processing ravenNPlus\client\event\Phase.java
processing ravenNPlus\client\event\imp\EventUpdateModel.java
processing ravenNPlus\client\event\imp\PacketEvent.java
processing ravenNPlus\client\event\imp\Render2DEvent.java
processing ravenNPlus\client\event\imp\Render3DEvent.java
processing ravenNPlus\client\event\imp\RenderEntityModelEvent.java
processing ravenNPlus\client\event\imp\UpdateWalkingPlayerEvent.java
processing ravenNPlus\client\main\Client.java
processing ravenNPlus\client\main\ClientConfig.java
processing ravenNPlus\client\main\FontRenderer.java
processing ravenNPlus\client\module\Module.java
processing ravenNPlus\client\module\ModuleManager.java
processing ravenNPlus\client\module\modules\HUD.java
processing ravenNPlus\client\module\modules\client\CategorySett.java
processing ravenNPlus\client\module\modules\client\ClientNameSpoof.java
processing ravenNPlus\client\module\modules\client\CommandPrompt.java
processing ravenNPlus\client\module\modules\client\FakeCrash.java
processing ravenNPlus\client\module\modules\client\GuiClick.java
processing ravenNPlus\client\module\modules\client\ModSettings.java
processing ravenNPlus\client\module\modules\client\SelfDestruct.java
processing ravenNPlus\client\module\modules\client\UpdateCheck.java
processing ravenNPlus\client\module\modules\combat\AimAssist.java
processing ravenNPlus\client\module\modules\combat\AntiBot.java
processing ravenNPlus\client\module\modules\combat\AutoArmor.java
processing ravenNPlus\client\module\modules\combat\AutoBlock.java
processing ravenNPlus\client\module\modules\combat\AutoGap.java
processing ravenNPlus\client\module\modules\combat\AutoSort.java
processing ravenNPlus\client\module\modules\combat\AutoWeapon.java
processing ravenNPlus\client\module\modules\combat\BlockHit.java
processing ravenNPlus\client\module\modules\combat\BurstClicker.java
processing ravenNPlus\client\module\modules\combat\ClickAssist.java
processing ravenNPlus\client\module\modules\combat\DelayRemover.java
processing ravenNPlus\client\module\modules\combat\DoubleClicker.java
processing ravenNPlus\client\module\modules\combat\HitBox.java
processing ravenNPlus\client\module\modules\combat\KillAura.java
processing ravenNPlus\client\module\modules\combat\LeftClicker.java
processing ravenNPlus\client\module\modules\combat\NewAntiBot.java
processing ravenNPlus\client\module\modules\combat\Reach.java
processing ravenNPlus\client\module\modules\combat\RodAimbot.java
processing ravenNPlus\client\module\modules\combat\STap.java
processing ravenNPlus\client\module\modules\combat\ShiftTap.java
processing ravenNPlus\client\module\modules\combat\Velocity.java
processing ravenNPlus\client\module\modules\combat\WTap.java
processing ravenNPlus\client\module\modules\hotkey\Armour.java
processing ravenNPlus\client\module\modules\hotkey\Blocks.java
processing ravenNPlus\client\module\modules\hotkey\Healing.java
processing ravenNPlus\client\module\modules\hotkey\Ladders.java
processing ravenNPlus\client\module\modules\hotkey\Pearl.java
processing ravenNPlus\client\module\modules\hotkey\Trajectories.java
processing ravenNPlus\client\module\modules\hotkey\Weapon.java
processing ravenNPlus\client\module\modules\minigames\AutoSlot.java
processing ravenNPlus\client\module\modules\minigames\BedwarsOverlay.java
processing ravenNPlus\client\module\modules\minigames\BridgeInfo.java
processing ravenNPlus\client\module\modules\minigames\DuelsStats.java
processing ravenNPlus\client\module\modules\minigames\MurderMystery.java
processing ravenNPlus\client\module\modules\minigames\SumoFences.java
processing ravenNPlus\client\module\modules\minigames\sumo\SumoBot.java
processing ravenNPlus\client\module\modules\minigames\sumo\SumoClicker.java
processing ravenNPlus\client\module\modules\minigames\sumo\SumoStats.java
processing ravenNPlus\client\module\modules\movement\AntiVoid.java
processing ravenNPlus\client\module\modules\movement\AutoHeader.java
processing ravenNPlus\client\module\modules\movement\BHop.java
processing ravenNPlus\client\module\modules\movement\Boost.java
processing ravenNPlus\client\module\modules\movement\FastLadder.java
processing ravenNPlus\client\module\modules\movement\Fly.java
processing ravenNPlus\client\module\modules\movement\InvMove.java
processing ravenNPlus\client\module\modules\movement\Jesus.java
processing ravenNPlus\client\module\modules\movement\JumpReset.java
processing ravenNPlus\client\module\modules\movement\KeepSprint.java
processing ravenNPlus\client\module\modules\movement\NoSlow.java
processing ravenNPlus\client\module\modules\movement\Scaffold.java
processing ravenNPlus\client\module\modules\movement\SlyPort.java
processing ravenNPlus\client\module\modules\movement\Speed.java
processing ravenNPlus\client\module\modules\movement\Sprint.java
processing ravenNPlus\client\module\modules\movement\Step.java
processing ravenNPlus\client\module\modules\movement\StopMotion.java
processing ravenNPlus\client\module\modules\movement\Timer.java
processing ravenNPlus\client\module\modules\movement\VClip.java
processing ravenNPlus\client\module\modules\other\AutoHome.java
processing ravenNPlus\client\module\modules\other\AutoMLG.java
processing ravenNPlus\client\module\modules\other\ChatLogger.java
processing ravenNPlus\client\module\modules\other\Crasher.java
processing ravenNPlus\client\module\modules\other\EasyChat.java
processing ravenNPlus\client\module\modules\other\FPSSpoofer.java
processing ravenNPlus\client\module\modules\other\FakeChat.java
processing ravenNPlus\client\module\modules\other\FriendCircle.java
processing ravenNPlus\client\module\modules\other\MiddleClick.java
processing ravenNPlus\client\module\modules\other\MouseSpoofer.java
processing ravenNPlus\client\module\modules\other\NameHider.java
processing ravenNPlus\client\module\modules\other\NickName.java
processing ravenNPlus\client\module\modules\other\StringEncrypt.java
processing ravenNPlus\client\module\modules\player\AutoClean.java
processing ravenNPlus\client\module\modules\player\AutoJump.java
processing ravenNPlus\client\module\modules\player\AutoPlace.java
processing ravenNPlus\client\module\modules\player\AutoTool.java
processing ravenNPlus\client\module\modules\player\BedAura.java
processing ravenNPlus\client\module\modules\player\BridgeAssist.java
processing ravenNPlus\client\module\modules\player\ChestSteal.java
processing ravenNPlus\client\module\modules\player\FallSpeed.java
processing ravenNPlus\client\module\modules\player\FastPlace.java
processing ravenNPlus\client\module\modules\player\Freecam.java
processing ravenNPlus\client\module\modules\player\NoFall.java
processing ravenNPlus\client\module\modules\player\RightClicker.java
processing ravenNPlus\client\module\modules\player\SafeWalk.java
processing ravenNPlus\client\module\modules\render\Animations.java
processing ravenNPlus\client\module\modules\render\AntiShuffle.java
processing ravenNPlus\client\module\modules\render\CamSettings.java
processing ravenNPlus\client\module\modules\render\Chams.java
processing ravenNPlus\client\module\modules\render\ChestESP.java
processing ravenNPlus\client\module\modules\render\CrossCircle.java
processing ravenNPlus\client\module\modules\render\FOV.java
processing ravenNPlus\client\module\modules\render\Fullbright.java
processing ravenNPlus\client\module\modules\render\Hurtcam.java
processing ravenNPlus\client\module\modules\render\ItemCount.java
processing ravenNPlus\client\module\modules\render\ItemESP.java
processing ravenNPlus\client\module\modules\render\NameTags.java
processing ravenNPlus\client\module\modules\render\NameTagsV2.java
processing ravenNPlus\client\module\modules\render\PlayerESP.java
processing ravenNPlus\client\module\modules\render\Projectiles.java
processing ravenNPlus\client\module\modules\render\ReachCircle.java
processing ravenNPlus\client\module\modules\render\Skeletons.java
processing ravenNPlus\client\module\modules\render\TargetHUD.java
processing ravenNPlus\client\module\modules\render\Tracers.java
processing ravenNPlus\client\module\modules\render\UserHud.java
processing ravenNPlus\client\module\modules\render\ViewModel.java
processing ravenNPlus\client\module\modules\render\Xray.java
processing ravenNPlus\client\module\setting\Setting.java
processing ravenNPlus\client\module\setting\impl\DescriptionSetting.java
processing ravenNPlus\client\module\setting\impl\DoubleSliderSetting.java
processing ravenNPlus\client\module\setting\impl\ModeSetting.java
processing ravenNPlus\client\module\setting\impl\SliderSetting.java
processing ravenNPlus\client\module\setting\impl\TickSetting.java
processing ravenNPlus\client\tweaker\ASMEventHandler.java
processing ravenNPlus\client\tweaker\ASMTransformerClass.java
processing ravenNPlus\client\tweaker\FMLLoadingPlugin.java
processing ravenNPlus\client\tweaker\interfaces\IThrowableItem.java
processing ravenNPlus\client\tweaker\transformers\Transformer.java
processing ravenNPlus\client\tweaker\transformers\TransformerEntity.java
processing ravenNPlus\client\tweaker\transformers\TransformerEntityPlayer.java
processing ravenNPlus\client\tweaker\transformers\TransformerEntityPlayerSP.java
processing ravenNPlus\client\tweaker\transformers\TransformerFMLCommonHandler.java
processing ravenNPlus\client\tweaker\transformers\TransformerFontRenderer.java
processing ravenNPlus\client\tweaker\transformers\TransformerGuiUtilRenderComponents.java
processing ravenNPlus\client\tweaker\transformers\TransformerMinecraft.java
processing ravenNPlus\client\tweaker\transformers\TransformerSplashProgress.java
processing ravenNPlus\client\tweaker\transformers\TransformerThrowableItem.java
processing ravenNPlus\client\utils\BlurUtils.java
processing ravenNPlus\client\utils\ChatHelper.java
processing ravenNPlus\client\utils\ColorUtil.java
processing ravenNPlus\client\utils\CombatUtils.java
processing ravenNPlus\client\utils\CoolDown.java
processing ravenNPlus\client\utils\DebugInfoRenderer.java
processing ravenNPlus\client\utils\DelayTimer.java
processing ravenNPlus\client\utils\DimensionHelper.java
processing ravenNPlus\client\utils\FontUtils.java
processing ravenNPlus\client\utils\ImageButton.java
processing ravenNPlus\client\utils\InvUtils.java
processing ravenNPlus\client\utils\MouseManager.java
processing ravenNPlus\client\utils\RenderUtils.java
processing ravenNPlus\client\utils\RoundedUtils.java
processing ravenNPlus\client\utils\SoundUtil.java
processing ravenNPlus\client\utils\Timer.java
processing ravenNPlus\client\utils\Utils.java
processing ravenNPlus\client\utils\animations\Animate.java
processing ravenNPlus\client\utils\animations\Delta.java
processing ravenNPlus\client\utils\animations\DeltaCallExemple.java
processing ravenNPlus\client\utils\animations\Easing.java
processing ravenNPlus\client\utils\event\Event.java
processing ravenNPlus\client\utils\event\EventDirection.java
processing ravenNPlus\client\utils\event\EventPostMotion.java
processing ravenNPlus\client\utils\event\EventPreMotion.java
processing ravenNPlus\client\utils\event\EventType.java
processing ravenNPlus\client\utils\font\CustomFont.java
processing ravenNPlus\client\utils\font\fr\FontManager.java
processing ravenNPlus\client\utils\font\fr\TTFFontRenderer.java
processing ravenNPlus\client\utils\font\fr\TextureData.java
processing ravenNPlus\client\utils\notifications\Manager.java
processing ravenNPlus\client\utils\notifications\Notification.java
processing ravenNPlus\client\utils\notifications\Render.java
processing ravenNPlus\client\utils\notifications\Type.java
processing ravenNPlus\client\utils\packet\Packet.java
processing ravenNPlus\client\utils\packet\server\PacketChat.java
processing ravenNPlus\client\utils\packet\server\PacketCloseWindow.java
processing ravenNPlus\client\utils\packet\server\PacketPosition.java
processing ravenNPlus\client\utils\packet\server\PacketTime.java
processing ravenNPlus\client\utils\packet\server\PacketVelocity.java
processing ravenNPlus\client\utils\profile\PlayerProfile.java
processing ravenNPlus\client\utils\profile\UUID.java
processing ravenNPlus\client\utils\profile\file_1035K0_XP_11D.java
processing ravenNPlus\client\utils\version\Version.java
processing ravenNPlus\client\utils\version\VersionManager.java
processing ravenNPlus\keystrokemod\KeyStroke.java
processing ravenNPlus\keystrokemod\KeyStrokeCommand.java
processing ravenNPlus\keystrokemod\KeyStrokeConfigGui.java
processing ravenNPlus\keystrokemod\KeyStrokeKeyRenderer.java
processing ravenNPlus\keystrokemod\KeyStrokeMod.java
processing ravenNPlus\keystrokemod\KeyStrokeMouse.java
processing ravenNPlus\keystrokemod\KeyStrokeRenderer.java
